wn280.scope.unina.it
wn280.scope.unina.it
wn280.scope.unina.it
wn280.scope.unina.it
wn280.scope.unina.it
wn280.scope.unina.it
wn280.scope.unina.it
wn280.scope.unina.it

GENERATED MATRIX----------------------------------
Row: 1
-5735.131502 -5805.370808 -8620.911837 9598.998278 7900.451869 2167.373300 -8594.509363 9760.357216 5045.187473 -3252.325058 
Row: 2
-6511.504650 4026.443362 5951.164365 -5524.921417 -2810.976505 1152.716875 -5781.371593 1314.050555 -8565.207720 930.419564 
Row: 3
7549.183220 4827.367663 7673.383951 7788.013220 954.578519 -547.559261 740.099549 -2840.628624 -4388.116598 2260.621786 
Row: 4
4385.911226 -123.248100 6455.250382 5764.999390 -524.250269 4355.702400 -2067.627907 881.240964 4116.059542 -7022.440434 
Row: 5
7628.915459 7604.554296 7004.003227 3580.079675 -7920.367718 -5806.972980 -5267.202854 -3701.739311 5507.077873 -3832.410574 
Row: 6
7228.679657 3056.260943 -9005.043507 4902.063608 844.274163 1949.535012 -5645.495653 -8415.626287 9108.907059 -33.611059 
Row: 7
3844.996095 3494.818211 9843.140189 300.245881 -740.182400 -681.109428 -5344.052315 7192.189991 -9799.869061 8772.007599 
Row: 8
-9830.249548 7829.046696 6376.561821 7173.753381 1409.126520 8456.194401 -8633.219004 6141.923070 -5245.544910 6873.858571 
Row: 9
-7690.488100 -8016.865253 -69.880486 -6695.531607 6885.198057 -9225.605726 5254.003406 -8760.297298 -7641.232014 4362.910390 
Row: 10
1206.091642 6203.764081 -2142.270803 1049.231887 -3495.990038 7117.546499 -9631.878138 1159.958243 4309.736490 -9431.747198 

GENERATED VECTOR----------------------------------
-68.033934
4479.486942
8397.299647
-3691.471815
1653.239727
-193.574429
-5235.277414
3020.020723
-4051.650763
-480.822325

Operation executed in 0.004244 seconds
