wn280.scope.unina.it
wn280.scope.unina.it
wn280.scope.unina.it
wn280.scope.unina.it
wn280.scope.unina.it
wn280.scope.unina.it
wn280.scope.unina.it
wn280.scope.unina.it

GENERATED MATRIX----------------------------------
Row: 1
9868.199062 9735.769536 7624.452710 5404.026210 -5043.940544 557.348132 -8841.720819 -3681.149483 7345.121801 700.200200 
Row: 2
-9920.681715 3945.401907 4026.206732 -2199.237347 -9284.671545 -7589.052916 4344.890714 7062.475681 -1890.122890 586.915016 
Row: 3
9366.082251 6589.429975 2071.467042 -9648.523331 977.530479 1241.764426 8604.573160 -4083.974361 2488.842010 -8578.240871 
Row: 4
7020.442188 2357.040644 -8842.471838 4644.894600 -2238.932848 -3886.412382 -4797.756672 -1080.653667 2432.438135 -7452.635765 
Row: 5
9619.546421 2511.755824 6492.766440 3645.753264 -9687.480927 7208.095193 6056.700349 4657.409191 4270.570874 -5833.421946 
Row: 6
-4755.675793 3636.653423 -9243.991375 7315.791547 3988.130093 1733.538508 -1442.444324 2592.703104 7649.563849 -8953.602314 
Row: 7
4014.462233 4670.006037 3403.438330 5171.990395 -685.099363 -8835.494518 -8714.421988 4517.143965 83.851814 3718.016148 
Row: 8
7064.508498 -296.602249 -3770.227432 3557.274938 -6650.848389 -3457.709551 765.370131 9405.851923 -8800.299168 -4964.058399 
Row: 9
-6427.570581 -3555.974960 8672.594428 -5671.561956 -6240.183115 2660.724521 6061.976552 2317.371964 -4746.571779 3711.540103 
Row: 10
3363.769650 9267.889708 -1618.453264 -3232.791424 4439.880252 7696.446925 -2068.285942 5725.457966 2213.590741 8015.565872 

GENERATED VECTOR----------------------------------
-556.526184
-721.900463
-2281.036377
5673.246682
-7164.626122
1068.115830
-7784.461975
3600.744605
473.967195
-6584.762335


PRODUCT OF THE OPERATION
91923667.858130
26274386.928470
-99132233.750462
136486530.019984
85870308.563985
119036986.216080
71103985.747215
125447632.846609
-63798251.341364
-61815599.138215

Operation executed in 0.003164 seconds
